<?xml version="1.0" encoding="utf-8"?><testsuites name="pytest tests"><testsuite name="pytest" errors="0" failures="0" skipped="0" tests="7" time="0.857" timestamp="2026-06-20T12:35:52.975962+00:00" hostname="agent-env-8b38dd2d-76dd-4cf8-a09e-8c72d9716716"><testcase classname="backend.tests.backend_test.TestRoot" name="test_root_status_ok" time="0.328" /><testcase classname="backend.tests.backend_test.TestContact" name="test_contact_create_and_list" time="0.095" /><testcase classname="backend.tests.backend_test.TestContact" name="test_contact_invalid_email_returns_422" time="0.045" /><testcase classname="backend.tests.backend_test.TestContact" name="test_contact_missing_required_returns_422" time="0.041" /><testcase classname="backend.tests.backend_test.TestCareers" name="test_career_apply_and_list" time="0.102" /><testcase classname="backend.tests.backend_test.TestCareers" name="test_career_invalid_email_returns_422" time="0.042" /><testcase classname="backend.tests.backend_test.TestCareers" name="test_career_missing_role_returns_422" time="0.041" /></testsuite></testsuites>